
*** Running vivado
    with args -log helloworldip_wrapper.vdi -applog -m64 -product Vivado -messageDb vivado.pb -mode batch -source helloworldip_wrapper.tcl -notrace


****** Vivado v2017.4 (64-bit)
  **** SW Build 2086221 on Fri Dec 15 20:55:39 MST 2017
  **** IP Build 2085800 on Fri Dec 15 22:25:07 MST 2017
    ** Copyright 1986-2017 Xilinx, Inc. All Rights Reserved.

source helloworldip_wrapper.tcl -notrace
INFO: [IP_Flow 19-234] Refreshing IP repositories
INFO: [IP_Flow 19-1704] No user IP repositories specified
INFO: [IP_Flow 19-2313] Loaded Vivado IP repository 'C:/Xilinx/Vivado/2017.4/data/ip'.
add_files: Time (s): cpu = 00:00:09 ; elapsed = 00:00:10 . Memory (MB): peak = 396.840 ; gain = 82.488
Command: link_design -top helloworldip_wrapper -part xc7a100tcsg324-1
Design is defaulting to srcset: sources_1
Design is defaulting to constrset: constrs_1
INFO: [Project 1-454] Reading design checkpoint 'c:/Users/wdj/source/vivado_work/helloworld/helloworld.srcs/sources_1/bd/helloworldip/ip/helloworldip_axi_uartlite_0_0/helloworldip_axi_uartlite_0_0.dcp' for cell 'helloworldip_i/axi_uartlite_0'
INFO: [Project 1-454] Reading design checkpoint 'c:/Users/wdj/source/vivado_work/helloworld/helloworld.srcs/sources_1/bd/helloworldip/ip/helloworldip_clk_wiz_1_0/helloworldip_clk_wiz_1_0.dcp' for cell 'helloworldip_i/clk_wiz_1'
INFO: [Project 1-454] Reading design checkpoint 'c:/Users/wdj/source/vivado_work/helloworld/helloworld.srcs/sources_1/bd/helloworldip/ip/helloworldip_mdm_1_0/helloworldip_mdm_1_0.dcp' for cell 'helloworldip_i/mdm_1'
INFO: [Project 1-454] Reading design checkpoint 'c:/Users/wdj/source/vivado_work/helloworld/helloworld.srcs/sources_1/bd/helloworldip/ip/helloworldip_microblaze_0_0/helloworldip_microblaze_0_0.dcp' for cell 'helloworldip_i/microblaze_0'
INFO: [Project 1-454] Reading design checkpoint 'c:/Users/wdj/source/vivado_work/helloworld/helloworld.srcs/sources_1/bd/helloworldip/ip/helloworldip_mig_7series_0_0_1/helloworldip_mig_7series_0_0.dcp' for cell 'helloworldip_i/mig_7series_0'
INFO: [Project 1-454] Reading design checkpoint 'c:/Users/wdj/source/vivado_work/helloworld/helloworld.srcs/sources_1/bd/helloworldip/ip/helloworldip_rst_clk_wiz_1_100M_0/helloworldip_rst_clk_wiz_1_100M_0.dcp' for cell 'helloworldip_i/rst_clk_wiz_1_100M'
INFO: [Project 1-454] Reading design checkpoint 'c:/Users/wdj/source/vivado_work/helloworld/helloworld.srcs/sources_1/bd/helloworldip/ip/helloworldip_rst_mig_7series_0_81M_1/helloworldip_rst_mig_7series_0_81M_1.dcp' for cell 'helloworldip_i/rst_mig_7series_0_81M'
INFO: [Project 1-454] Reading design checkpoint 'c:/Users/wdj/source/vivado_work/helloworld/helloworld.srcs/sources_1/bd/helloworldip/ip/helloworldip_xbar_0/helloworldip_xbar_0.dcp' for cell 'helloworldip_i/microblaze_0_axi_periph/xbar'
INFO: [Project 1-454] Reading design checkpoint 'c:/Users/wdj/source/vivado_work/helloworld/helloworld.srcs/sources_1/bd/helloworldip/ip/helloworldip_auto_ds_0/helloworldip_auto_ds_0.dcp' for cell 'helloworldip_i/microblaze_0_axi_periph/m00_couplers/auto_ds'
INFO: [Project 1-454] Reading design checkpoint 'c:/Users/wdj/source/vivado_work/helloworld/helloworld.srcs/sources_1/bd/helloworldip/ip/helloworldip_auto_ds_1/helloworldip_auto_ds_1.dcp' for cell 'helloworldip_i/microblaze_0_axi_periph/m01_couplers/auto_ds'
INFO: [Project 1-454] Reading design checkpoint 'c:/Users/wdj/source/vivado_work/helloworld/helloworld.srcs/sources_1/bd/helloworldip/ip/helloworldip_auto_cc_0/helloworldip_auto_cc_0.dcp' for cell 'helloworldip_i/microblaze_0_axi_periph/m02_couplers/auto_cc'
INFO: [Project 1-454] Reading design checkpoint 'c:/Users/wdj/source/vivado_work/helloworld/helloworld.srcs/sources_1/bd/helloworldip/ip/helloworldip_auto_pc_0/helloworldip_auto_pc_0.dcp' for cell 'helloworldip_i/microblaze_0_axi_periph/m02_couplers/auto_pc'
INFO: [Project 1-454] Reading design checkpoint 'c:/Users/wdj/source/vivado_work/helloworld/helloworld.srcs/sources_1/bd/helloworldip/ip/helloworldip_auto_us_0/helloworldip_auto_us_0.dcp' for cell 'helloworldip_i/microblaze_0_axi_periph/s00_couplers/auto_us'
INFO: [Project 1-454] Reading design checkpoint 'c:/Users/wdj/source/vivado_work/helloworld/helloworld.srcs/sources_1/bd/helloworldip/ip/helloworldip_dlmb_bram_if_cntlr_0/helloworldip_dlmb_bram_if_cntlr_0.dcp' for cell 'helloworldip_i/microblaze_0_local_memory/dlmb_bram_if_cntlr'
INFO: [Project 1-454] Reading design checkpoint 'c:/Users/wdj/source/vivado_work/helloworld/helloworld.srcs/sources_1/bd/helloworldip/ip/helloworldip_dlmb_v10_0/helloworldip_dlmb_v10_0.dcp' for cell 'helloworldip_i/microblaze_0_local_memory/dlmb_v10'
INFO: [Project 1-454] Reading design checkpoint 'c:/Users/wdj/source/vivado_work/helloworld/helloworld.srcs/sources_1/bd/helloworldip/ip/helloworldip_ilmb_bram_if_cntlr_0/helloworldip_ilmb_bram_if_cntlr_0.dcp' for cell 'helloworldip_i/microblaze_0_local_memory/ilmb_bram_if_cntlr'
INFO: [Project 1-454] Reading design checkpoint 'c:/Users/wdj/source/vivado_work/helloworld/helloworld.srcs/sources_1/bd/helloworldip/ip/helloworldip_ilmb_v10_0/helloworldip_ilmb_v10_0.dcp' for cell 'helloworldip_i/microblaze_0_local_memory/ilmb_v10'
INFO: [Project 1-454] Reading design checkpoint 'c:/Users/wdj/source/vivado_work/helloworld/helloworld.srcs/sources_1/bd/helloworldip/ip/helloworldip_lmb_bram_0/helloworldip_lmb_bram_0.dcp' for cell 'helloworldip_i/microblaze_0_local_memory/lmb_bram'
INFO: [Netlist 29-17] Analyzing 637 Unisim elements for replacement
INFO: [Netlist 29-28] Unisim Transformation completed in 1 CPU seconds
INFO: [Project 1-479] Netlist was created with Vivado 2017.4
INFO: [Device 21-403] Loading part xc7a100tcsg324-1
INFO: [Project 1-570] Preparing netlist for logic optimization
Parsing XDC File [c:/Users/wdj/source/vivado_work/helloworld/helloworld.srcs/sources_1/bd/helloworldip/ip/helloworldip_microblaze_0_0/helloworldip_microblaze_0_0.xdc] for cell 'helloworldip_i/microblaze_0/U0'
Finished Parsing XDC File [c:/Users/wdj/source/vivado_work/helloworld/helloworld.srcs/sources_1/bd/helloworldip/ip/helloworldip_microblaze_0_0/helloworldip_microblaze_0_0.xdc] for cell 'helloworldip_i/microblaze_0/U0'
Parsing XDC File [c:/Users/wdj/source/vivado_work/helloworld/helloworld.srcs/sources_1/bd/helloworldip/ip/helloworldip_mdm_1_0/helloworldip_mdm_1_0.xdc] for cell 'helloworldip_i/mdm_1/U0'
INFO: [Timing 38-35] Done setting XDC timing constraints. [c:/Users/wdj/source/vivado_work/helloworld/helloworld.srcs/sources_1/bd/helloworldip/ip/helloworldip_mdm_1_0/helloworldip_mdm_1_0.xdc:50]
get_clocks: Time (s): cpu = 00:00:15 ; elapsed = 00:00:15 . Memory (MB): peak = 1400.297 ; gain = 576.117
Finished Parsing XDC File [c:/Users/wdj/source/vivado_work/helloworld/helloworld.srcs/sources_1/bd/helloworldip/ip/helloworldip_mdm_1_0/helloworldip_mdm_1_0.xdc] for cell 'helloworldip_i/mdm_1/U0'
Parsing XDC File [c:/Users/wdj/source/vivado_work/helloworld/helloworld.srcs/sources_1/bd/helloworldip/ip/helloworldip_clk_wiz_1_0/helloworldip_clk_wiz_1_0_board.xdc] for cell 'helloworldip_i/clk_wiz_1/inst'
Finished Parsing XDC File [c:/Users/wdj/source/vivado_work/helloworld/helloworld.srcs/sources_1/bd/helloworldip/ip/helloworldip_clk_wiz_1_0/helloworldip_clk_wiz_1_0_board.xdc] for cell 'helloworldip_i/clk_wiz_1/inst'
Parsing XDC File [c:/Users/wdj/source/vivado_work/helloworld/helloworld.srcs/sources_1/bd/helloworldip/ip/helloworldip_clk_wiz_1_0/helloworldip_clk_wiz_1_0.xdc] for cell 'helloworldip_i/clk_wiz_1/inst'
INFO: [Timing 38-2] Deriving generated clocks [c:/Users/wdj/source/vivado_work/helloworld/helloworld.srcs/sources_1/bd/helloworldip/ip/helloworldip_clk_wiz_1_0/helloworldip_clk_wiz_1_0.xdc:57]
Finished Parsing XDC File [c:/Users/wdj/source/vivado_work/helloworld/helloworld.srcs/sources_1/bd/helloworldip/ip/helloworldip_clk_wiz_1_0/helloworldip_clk_wiz_1_0.xdc] for cell 'helloworldip_i/clk_wiz_1/inst'
Parsing XDC File [c:/Users/wdj/source/vivado_work/helloworld/helloworld.srcs/sources_1/bd/helloworldip/ip/helloworldip_rst_clk_wiz_1_100M_0/helloworldip_rst_clk_wiz_1_100M_0_board.xdc] for cell 'helloworldip_i/rst_clk_wiz_1_100M/U0'
Finished Parsing XDC File [c:/Users/wdj/source/vivado_work/helloworld/helloworld.srcs/sources_1/bd/helloworldip/ip/helloworldip_rst_clk_wiz_1_100M_0/helloworldip_rst_clk_wiz_1_100M_0_board.xdc] for cell 'helloworldip_i/rst_clk_wiz_1_100M/U0'
Parsing XDC File [c:/Users/wdj/source/vivado_work/helloworld/helloworld.srcs/sources_1/bd/helloworldip/ip/helloworldip_rst_clk_wiz_1_100M_0/helloworldip_rst_clk_wiz_1_100M_0.xdc] for cell 'helloworldip_i/rst_clk_wiz_1_100M/U0'
Finished Parsing XDC File [c:/Users/wdj/source/vivado_work/helloworld/helloworld.srcs/sources_1/bd/helloworldip/ip/helloworldip_rst_clk_wiz_1_100M_0/helloworldip_rst_clk_wiz_1_100M_0.xdc] for cell 'helloworldip_i/rst_clk_wiz_1_100M/U0'
Parsing XDC File [c:/Users/wdj/source/vivado_work/helloworld/helloworld.srcs/sources_1/bd/helloworldip/ip/helloworldip_axi_uartlite_0_0/helloworldip_axi_uartlite_0_0_board.xdc] for cell 'helloworldip_i/axi_uartlite_0/U0'
Finished Parsing XDC File [c:/Users/wdj/source/vivado_work/helloworld/helloworld.srcs/sources_1/bd/helloworldip/ip/helloworldip_axi_uartlite_0_0/helloworldip_axi_uartlite_0_0_board.xdc] for cell 'helloworldip_i/axi_uartlite_0/U0'
Parsing XDC File [c:/Users/wdj/source/vivado_work/helloworld/helloworld.srcs/sources_1/bd/helloworldip/ip/helloworldip_axi_uartlite_0_0/helloworldip_axi_uartlite_0_0.xdc] for cell 'helloworldip_i/axi_uartlite_0/U0'
Finished Parsing XDC File [c:/Users/wdj/source/vivado_work/helloworld/helloworld.srcs/sources_1/bd/helloworldip/ip/helloworldip_axi_uartlite_0_0/helloworldip_axi_uartlite_0_0.xdc] for cell 'helloworldip_i/axi_uartlite_0/U0'
Parsing XDC File [c:/Users/wdj/source/vivado_work/helloworld/helloworld.srcs/sources_1/bd/helloworldip/ip/helloworldip_mig_7series_0_0_1/helloworldip_mig_7series_0_0/user_design/constraints/helloworldip_mig_7series_0_0.xdc] for cell 'helloworldip_i/mig_7series_0'
Finished Parsing XDC File [c:/Users/wdj/source/vivado_work/helloworld/helloworld.srcs/sources_1/bd/helloworldip/ip/helloworldip_mig_7series_0_0_1/helloworldip_mig_7series_0_0/user_design/constraints/helloworldip_mig_7series_0_0.xdc] for cell 'helloworldip_i/mig_7series_0'
Parsing XDC File [c:/Users/wdj/source/vivado_work/helloworld/helloworld.srcs/sources_1/bd/helloworldip/ip/helloworldip_mig_7series_0_0_1/helloworldip_mig_7series_0_0_board.xdc] for cell 'helloworldip_i/mig_7series_0'
Finished Parsing XDC File [c:/Users/wdj/source/vivado_work/helloworld/helloworld.srcs/sources_1/bd/helloworldip/ip/helloworldip_mig_7series_0_0_1/helloworldip_mig_7series_0_0_board.xdc] for cell 'helloworldip_i/mig_7series_0'
Parsing XDC File [c:/Users/wdj/source/vivado_work/helloworld/helloworld.srcs/sources_1/bd/helloworldip/ip/helloworldip_rst_mig_7series_0_81M_1/helloworldip_rst_mig_7series_0_81M_1_board.xdc] for cell 'helloworldip_i/rst_mig_7series_0_81M/U0'
Finished Parsing XDC File [c:/Users/wdj/source/vivado_work/helloworld/helloworld.srcs/sources_1/bd/helloworldip/ip/helloworldip_rst_mig_7series_0_81M_1/helloworldip_rst_mig_7series_0_81M_1_board.xdc] for cell 'helloworldip_i/rst_mig_7series_0_81M/U0'
Parsing XDC File [c:/Users/wdj/source/vivado_work/helloworld/helloworld.srcs/sources_1/bd/helloworldip/ip/helloworldip_rst_mig_7series_0_81M_1/helloworldip_rst_mig_7series_0_81M_1.xdc] for cell 'helloworldip_i/rst_mig_7series_0_81M/U0'
Finished Parsing XDC File [c:/Users/wdj/source/vivado_work/helloworld/helloworld.srcs/sources_1/bd/helloworldip/ip/helloworldip_rst_mig_7series_0_81M_1/helloworldip_rst_mig_7series_0_81M_1.xdc] for cell 'helloworldip_i/rst_mig_7series_0_81M/U0'
Parsing XDC File [c:/Users/wdj/source/vivado_work/helloworld/helloworld.srcs/sources_1/bd/helloworldip/ip/helloworldip_dlmb_v10_0/helloworldip_dlmb_v10_0.xdc] for cell 'helloworldip_i/microblaze_0_local_memory/dlmb_v10/U0'
Finished Parsing XDC File [c:/Users/wdj/source/vivado_work/helloworld/helloworld.srcs/sources_1/bd/helloworldip/ip/helloworldip_dlmb_v10_0/helloworldip_dlmb_v10_0.xdc] for cell 'helloworldip_i/microblaze_0_local_memory/dlmb_v10/U0'
Parsing XDC File [c:/Users/wdj/source/vivado_work/helloworld/helloworld.srcs/sources_1/bd/helloworldip/ip/helloworldip_ilmb_v10_0/helloworldip_ilmb_v10_0.xdc] for cell 'helloworldip_i/microblaze_0_local_memory/ilmb_v10/U0'
Finished Parsing XDC File [c:/Users/wdj/source/vivado_work/helloworld/helloworld.srcs/sources_1/bd/helloworldip/ip/helloworldip_ilmb_v10_0/helloworldip_ilmb_v10_0.xdc] for cell 'helloworldip_i/microblaze_0_local_memory/ilmb_v10/U0'
Parsing XDC File [C:/Users/wdj/source/vivado_work/helloworld/helloworld.srcs/constrs_1/imports/vivado_work/Nexys4DDR_Master.xdc]
Finished Parsing XDC File [C:/Users/wdj/source/vivado_work/helloworld/helloworld.srcs/constrs_1/imports/vivado_work/Nexys4DDR_Master.xdc]
INFO: [Project 1-538] Using original IP XDC constraints instead of the XDC constraints in dcp 'c:/Users/wdj/source/vivado_work/helloworld/helloworld.srcs/sources_1/bd/helloworldip/ip/helloworldip_auto_cc_0/helloworldip_auto_cc_0.dcp'
Parsing XDC File [c:/Users/wdj/source/vivado_work/helloworld/helloworld.srcs/sources_1/bd/helloworldip/ip/helloworldip_auto_cc_0/helloworldip_auto_cc_0_clocks.xdc] for cell 'helloworldip_i/microblaze_0_axi_periph/m02_couplers/auto_cc/inst'
Finished Parsing XDC File [c:/Users/wdj/source/vivado_work/helloworld/helloworld.srcs/sources_1/bd/helloworldip/ip/helloworldip_auto_cc_0/helloworldip_auto_cc_0_clocks.xdc] for cell 'helloworldip_i/microblaze_0_axi_periph/m02_couplers/auto_cc/inst'
Parsing XDC File [c:/Users/wdj/source/vivado_work/helloworld/helloworld.srcs/sources_1/bd/helloworldip/ip/helloworldip_auto_ds_1/helloworldip_auto_ds_1_clocks.xdc] for cell 'helloworldip_i/microblaze_0_axi_periph/m01_couplers/auto_ds/inst'
Finished Parsing XDC File [c:/Users/wdj/source/vivado_work/helloworld/helloworld.srcs/sources_1/bd/helloworldip/ip/helloworldip_auto_ds_1/helloworldip_auto_ds_1_clocks.xdc] for cell 'helloworldip_i/microblaze_0_axi_periph/m01_couplers/auto_ds/inst'
Parsing XDC File [c:/Users/wdj/source/vivado_work/helloworld/helloworld.srcs/sources_1/bd/helloworldip/ip/helloworldip_auto_ds_0/helloworldip_auto_ds_0_clocks.xdc] for cell 'helloworldip_i/microblaze_0_axi_periph/m00_couplers/auto_ds/inst'
Finished Parsing XDC File [c:/Users/wdj/source/vivado_work/helloworld/helloworld.srcs/sources_1/bd/helloworldip/ip/helloworldip_auto_ds_0/helloworldip_auto_ds_0_clocks.xdc] for cell 'helloworldip_i/microblaze_0_axi_periph/m00_couplers/auto_ds/inst'
Parsing XDC File [c:/Users/wdj/source/vivado_work/helloworld/helloworld.srcs/sources_1/bd/helloworldip/ip/helloworldip_auto_us_0/helloworldip_auto_us_0_clocks.xdc] for cell 'helloworldip_i/microblaze_0_axi_periph/s00_couplers/auto_us/inst'
Finished Parsing XDC File [c:/Users/wdj/source/vivado_work/helloworld/helloworld.srcs/sources_1/bd/helloworldip/ip/helloworldip_auto_us_0/helloworldip_auto_us_0_clocks.xdc] for cell 'helloworldip_i/microblaze_0_axi_periph/s00_couplers/auto_us/inst'
Sourcing Tcl File [C:/Xilinx/Vivado/2017.4/data/ip/xpm/xpm_cdc/tcl/xpm_cdc_handshake.tcl] for cell 'helloworldip_i/microblaze_0_axi_periph/m02_couplers/auto_cc/inst/gen_clock_conv.gen_async_lite_conv.aw_handshake/handshake'
Finished Sourcing Tcl File [C:/Xilinx/Vivado/2017.4/data/ip/xpm/xpm_cdc/tcl/xpm_cdc_handshake.tcl] for cell 'helloworldip_i/microblaze_0_axi_periph/m02_couplers/auto_cc/inst/gen_clock_conv.gen_async_lite_conv.aw_handshake/handshake'
Sourcing Tcl File [C:/Xilinx/Vivado/2017.4/data/ip/xpm/xpm_cdc/tcl/xpm_cdc_handshake.tcl] for cell 'helloworldip_i/microblaze_0_axi_periph/m02_couplers/auto_cc/inst/gen_clock_conv.gen_async_lite_conv.w_handshake/handshake'
Finished Sourcing Tcl File [C:/Xilinx/Vivado/2017.4/data/ip/xpm/xpm_cdc/tcl/xpm_cdc_handshake.tcl] for cell 'helloworldip_i/microblaze_0_axi_periph/m02_couplers/auto_cc/inst/gen_clock_conv.gen_async_lite_conv.w_handshake/handshake'
Sourcing Tcl File [C:/Xilinx/Vivado/2017.4/data/ip/xpm/xpm_cdc/tcl/xpm_cdc_handshake.tcl] for cell 'helloworldip_i/microblaze_0_axi_periph/m02_couplers/auto_cc/inst/gen_clock_conv.gen_async_lite_conv.b_handshake/handshake'
Finished Sourcing Tcl File [C:/Xilinx/Vivado/2017.4/data/ip/xpm/xpm_cdc/tcl/xpm_cdc_handshake.tcl] for cell 'helloworldip_i/microblaze_0_axi_periph/m02_couplers/auto_cc/inst/gen_clock_conv.gen_async_lite_conv.b_handshake/handshake'
Sourcing Tcl File [C:/Xilinx/Vivado/2017.4/data/ip/xpm/xpm_cdc/tcl/xpm_cdc_handshake.tcl] for cell 'helloworldip_i/microblaze_0_axi_periph/m02_couplers/auto_cc/inst/gen_clock_conv.gen_async_lite_conv.r_handshake/handshake'
Finished Sourcing Tcl File [C:/Xilinx/Vivado/2017.4/data/ip/xpm/xpm_cdc/tcl/xpm_cdc_handshake.tcl] for cell 'helloworldip_i/microblaze_0_axi_periph/m02_couplers/auto_cc/inst/gen_clock_conv.gen_async_lite_conv.r_handshake/handshake'
Sourcing Tcl File [C:/Xilinx/Vivado/2017.4/data/ip/xpm/xpm_cdc/tcl/xpm_cdc_handshake.tcl] for cell 'helloworldip_i/microblaze_0_axi_periph/m02_couplers/auto_cc/inst/gen_clock_conv.gen_async_lite_conv.ar_handshake/handshake'
Finished Sourcing Tcl File [C:/Xilinx/Vivado/2017.4/data/ip/xpm/xpm_cdc/tcl/xpm_cdc_handshake.tcl] for cell 'helloworldip_i/microblaze_0_axi_periph/m02_couplers/auto_cc/inst/gen_clock_conv.gen_async_lite_conv.ar_handshake/handshake'
Sourcing Tcl File [C:/Xilinx/Vivado/2017.4/data/ip/xpm/xpm_cdc/tcl/xpm_cdc_single.tcl] for cell 'helloworldip_i/microblaze_0_axi_periph/m02_couplers/auto_cc/inst/gen_clock_conv.gen_async_lite_conv.r_handshake/handshake/xpm_cdc_single_dest2src_inst'
Finished Sourcing Tcl File [C:/Xilinx/Vivado/2017.4/data/ip/xpm/xpm_cdc/tcl/xpm_cdc_single.tcl] for cell 'helloworldip_i/microblaze_0_axi_periph/m02_couplers/auto_cc/inst/gen_clock_conv.gen_async_lite_conv.r_handshake/handshake/xpm_cdc_single_dest2src_inst'
Sourcing Tcl File [C:/Xilinx/Vivado/2017.4/data/ip/xpm/xpm_cdc/tcl/xpm_cdc_single.tcl] for cell 'helloworldip_i/microblaze_0_axi_periph/m02_couplers/auto_cc/inst/gen_clock_conv.gen_async_lite_conv.r_handshake/handshake/xpm_cdc_single_src2dest_inst'
Finished Sourcing Tcl File [C:/Xilinx/Vivado/2017.4/data/ip/xpm/xpm_cdc/tcl/xpm_cdc_single.tcl] for cell 'helloworldip_i/microblaze_0_axi_periph/m02_couplers/auto_cc/inst/gen_clock_conv.gen_async_lite_conv.r_handshake/handshake/xpm_cdc_single_src2dest_inst'
Sourcing Tcl File [C:/Xilinx/Vivado/2017.4/data/ip/xpm/xpm_cdc/tcl/xpm_cdc_single.tcl] for cell 'helloworldip_i/microblaze_0_axi_periph/m02_couplers/auto_cc/inst/gen_clock_conv.gen_async_lite_conv.aw_handshake/handshake/xpm_cdc_single_src2dest_inst'
Finished Sourcing Tcl File [C:/Xilinx/Vivado/2017.4/data/ip/xpm/xpm_cdc/tcl/xpm_cdc_single.tcl] for cell 'helloworldip_i/microblaze_0_axi_periph/m02_couplers/auto_cc/inst/gen_clock_conv.gen_async_lite_conv.aw_handshake/handshake/xpm_cdc_single_src2dest_inst'
Sourcing Tcl File [C:/Xilinx/Vivado/2017.4/data/ip/xpm/xpm_cdc/tcl/xpm_cdc_single.tcl] for cell 'helloworldip_i/microblaze_0_axi_periph/m02_couplers/auto_cc/inst/gen_clock_conv.gen_async_lite_conv.aw_handshake/handshake/xpm_cdc_single_dest2src_inst'
Finished Sourcing Tcl File [C:/Xilinx/Vivado/2017.4/data/ip/xpm/xpm_cdc/tcl/xpm_cdc_single.tcl] for cell 'helloworldip_i/microblaze_0_axi_periph/m02_couplers/auto_cc/inst/gen_clock_conv.gen_async_lite_conv.aw_handshake/handshake/xpm_cdc_single_dest2src_inst'
Sourcing Tcl File [C:/Xilinx/Vivado/2017.4/data/ip/xpm/xpm_cdc/tcl/xpm_cdc_single.tcl] for cell 'helloworldip_i/microblaze_0_axi_periph/m02_couplers/auto_cc/inst/gen_clock_conv.gen_async_lite_conv.ar_handshake/handshake/xpm_cdc_single_src2dest_inst'
Finished Sourcing Tcl File [C:/Xilinx/Vivado/2017.4/data/ip/xpm/xpm_cdc/tcl/xpm_cdc_single.tcl] for cell 'helloworldip_i/microblaze_0_axi_periph/m02_couplers/auto_cc/inst/gen_clock_conv.gen_async_lite_conv.ar_handshake/handshake/xpm_cdc_single_src2dest_inst'
Sourcing Tcl File [C:/Xilinx/Vivado/2017.4/data/ip/xpm/xpm_cdc/tcl/xpm_cdc_single.tcl] for cell 'helloworldip_i/microblaze_0_axi_periph/m02_couplers/auto_cc/inst/gen_clock_conv.gen_async_lite_conv.ar_handshake/handshake/xpm_cdc_single_dest2src_inst'
Finished Sourcing Tcl File [C:/Xilinx/Vivado/2017.4/data/ip/xpm/xpm_cdc/tcl/xpm_cdc_single.tcl] for cell 'helloworldip_i/microblaze_0_axi_periph/m02_couplers/auto_cc/inst/gen_clock_conv.gen_async_lite_conv.ar_handshake/handshake/xpm_cdc_single_dest2src_inst'
Sourcing Tcl File [C:/Xilinx/Vivado/2017.4/data/ip/xpm/xpm_cdc/tcl/xpm_cdc_single.tcl] for cell 'helloworldip_i/microblaze_0_axi_periph/m02_couplers/auto_cc/inst/gen_clock_conv.gen_async_lite_conv.w_handshake/handshake/xpm_cdc_single_src2dest_inst'
Finished Sourcing Tcl File [C:/Xilinx/Vivado/2017.4/data/ip/xpm/xpm_cdc/tcl/xpm_cdc_single.tcl] for cell 'helloworldip_i/microblaze_0_axi_periph/m02_couplers/auto_cc/inst/gen_clock_conv.gen_async_lite_conv.w_handshake/handshake/xpm_cdc_single_src2dest_inst'
Sourcing Tcl File [C:/Xilinx/Vivado/2017.4/data/ip/xpm/xpm_cdc/tcl/xpm_cdc_single.tcl] for cell 'helloworldip_i/microblaze_0_axi_periph/m02_couplers/auto_cc/inst/gen_clock_conv.gen_async_lite_conv.w_handshake/handshake/xpm_cdc_single_dest2src_inst'
Finished Sourcing Tcl File [C:/Xilinx/Vivado/2017.4/data/ip/xpm/xpm_cdc/tcl/xpm_cdc_single.tcl] for cell 'helloworldip_i/microblaze_0_axi_periph/m02_couplers/auto_cc/inst/gen_clock_conv.gen_async_lite_conv.w_handshake/handshake/xpm_cdc_single_dest2src_inst'
Sourcing Tcl File [C:/Xilinx/Vivado/2017.4/data/ip/xpm/xpm_cdc/tcl/xpm_cdc_single.tcl] for cell 'helloworldip_i/microblaze_0_axi_periph/m02_couplers/auto_cc/inst/gen_clock_conv.gen_async_lite_conv.b_handshake/handshake/xpm_cdc_single_src2dest_inst'
Finished Sourcing Tcl File [C:/Xilinx/Vivado/2017.4/data/ip/xpm/xpm_cdc/tcl/xpm_cdc_single.tcl] for cell 'helloworldip_i/microblaze_0_axi_periph/m02_couplers/auto_cc/inst/gen_clock_conv.gen_async_lite_conv.b_handshake/handshake/xpm_cdc_single_src2dest_inst'
Sourcing Tcl File [C:/Xilinx/Vivado/2017.4/data/ip/xpm/xpm_cdc/tcl/xpm_cdc_single.tcl] for cell 'helloworldip_i/microblaze_0_axi_periph/m02_couplers/auto_cc/inst/gen_clock_conv.gen_async_lite_conv.b_handshake/handshake/xpm_cdc_single_dest2src_inst'
Finished Sourcing Tcl File [C:/Xilinx/Vivado/2017.4/data/ip/xpm/xpm_cdc/tcl/xpm_cdc_single.tcl] for cell 'helloworldip_i/microblaze_0_axi_periph/m02_couplers/auto_cc/inst/gen_clock_conv.gen_async_lite_conv.b_handshake/handshake/xpm_cdc_single_dest2src_inst'
INFO: [Opt 31-138] Pushed 0 inverter(s) to 0 load pin(s).
Generating merged BMM file for the design top 'helloworldip_wrapper'...
INFO: [Memdata 28-144] Successfully populated the BRAM INIT strings from the following elf files: c:/Users/wdj/source/vivado_work/helloworld/helloworld.srcs/sources_1/bd/helloworldip/ip/helloworldip_microblaze_0_0/data/mb_bootloop_le.elf 
INFO: [Project 1-111] Unisim Transformation Summary:
  A total of 267 instances were transformed.
  IOBUFDS_INTERMDISABLE => IOBUFDS_INTERMDISABLE (IBUFDS_INTERMDISABLE_INT, IBUFDS_INTERMDISABLE_INT, INV, OBUFTDS, OBUFTDS): 2 instances
  IOBUF_INTERMDISABLE => IOBUF_INTERMDISABLE (IBUF_INTERMDISABLE, OBUFT): 16 instances
  LUT6_2 => LUT6_2 (LUT5, LUT6): 104 instances
  OBUFDS => OBUFDS_DUAL_BUF (INV, OBUFDS, OBUFDS): 1 instances
  RAM32M => RAM32M (RAMD32, RAMD32, RAMD32, RAMD32, RAMD32, RAMD32, RAMS32, RAMS32): 144 instances

32 Infos, 0 Warnings, 0 Critical Warnings and 0 Errors encountered.
link_design completed successfully
link_design: Time (s): cpu = 00:00:36 ; elapsed = 00:00:41 . Memory (MB): peak = 1441.453 ; gain = 1044.613
Command: opt_design
Attempting to get a license for feature 'Implementation' and/or device 'xc7a100t'
INFO: [Common 17-349] Got license for feature 'Implementation' and/or device 'xc7a100t'
Running DRC as a precondition to command opt_design

Starting DRC Task
INFO: [DRC 23-27] Running DRC with 2 threads
INFO: [Project 1-461] DRC finished with 0 Errors
INFO: [Project 1-462] Please refer to the DRC report (report_drc) for more information.

Time (s): cpu = 00:00:03 ; elapsed = 00:00:02 . Memory (MB): peak = 1441.453 ; gain = 0.000
INFO: [Timing 38-35] Done setting XDC timing constraints.

Starting Logic Optimization Task

Phase 1 Retarget
INFO: [Opt 31-138] Pushed 3 inverter(s) to 3 load pin(s).
INFO: [Opt 31-49] Retargeted 0 cell(s).
Phase 1 Retarget | Checksum: abb82c57

Time (s): cpu = 00:00:03 ; elapsed = 00:00:03 . Memory (MB): peak = 1441.453 ; gain = 0.000
INFO: [Opt 31-389] Phase Retarget created 318 cells and removed 532 cells

Phase 2 Constant propagation
INFO: [Opt 31-138] Pushed 3 inverter(s) to 5 load pin(s).
Phase 2 Constant propagation | Checksum: 1682836ed

Time (s): cpu = 00:00:04 ; elapsed = 00:00:03 . Memory (MB): peak = 1441.453 ; gain = 0.000
INFO: [Opt 31-389] Phase Constant propagation created 179 cells and removed 584 cells

Phase 3 Sweep
Phase 3 Sweep | Checksum: b7528fa2

Time (s): cpu = 00:00:06 ; elapsed = 00:00:06 . Memory (MB): peak = 1441.453 ; gain = 0.000
INFO: [Opt 31-389] Phase Sweep created 1 cells and removed 1034 cells

Phase 4 BUFG optimization
Phase 4 BUFG optimization | Checksum: b7528fa2

Time (s): cpu = 00:00:07 ; elapsed = 00:00:06 . Memory (MB): peak = 1441.453 ; gain = 0.000
INFO: [Opt 31-389] Phase BUFG optimization created 0 cells and removed 0 cells

Phase 5 Shift Register Optimization
Phase 5 Shift Register Optimization | Checksum: b7528fa2

Time (s): cpu = 00:00:07 ; elapsed = 00:00:07 . Memory (MB): peak = 1441.453 ; gain = 0.000
INFO: [Opt 31-389] Phase Shift Register Optimization created 0 cells and removed 0 cells

Starting Connectivity Check Task

Time (s): cpu = 00:00:00 ; elapsed = 00:00:00.065 . Memory (MB): peak = 1441.453 ; gain = 0.000
Ending Logic Optimization Task | Checksum: e240082a

Time (s): cpu = 00:00:08 ; elapsed = 00:00:08 . Memory (MB): peak = 1441.453 ; gain = 0.000

Starting Power Optimization Task
INFO: [Pwropt 34-132] Skipping clock gating for clocks with a period < 2.00 ns.
INFO: [Pwropt 34-9] Applying IDT optimizations ...
INFO: [Pwropt 34-10] Applying ODC optimizations ...
INFO: [Timing 38-35] Done setting XDC timing constraints.
INFO: [Physopt 32-619] Estimated Timing Summary | WNS=1.311 | TNS=0.000 |
Running Vector-less Activity Propagation...

Finished Running Vector-less Activity Propagation


Starting PowerOpt Patch Enables Task
INFO: [Pwropt 34-162] WRITE_MODE attribute of 0 BRAM(s) out of a total of 8 has been updated to save power. Run report_power_opt to get a complete listing of the BRAMs updated.
INFO: [Pwropt 34-201] Structural ODC has moved 0 WE to EN ports
Number of BRAM Ports augmented: 8 newly gated: 0 Total Ports: 16
Ending PowerOpt Patch Enables Task | Checksum: 1cf181c03

Time (s): cpu = 00:00:00 ; elapsed = 00:00:00.193 . Memory (MB): peak = 1730.852 ; gain = 0.000
Ending Power Optimization Task | Checksum: 1cf181c03

Time (s): cpu = 00:00:14 ; elapsed = 00:00:09 . Memory (MB): peak = 1730.852 ; gain = 289.398

Starting Logic Optimization Task
INFO: [Timing 38-35] Done setting XDC timing constraints.

Phase 1 Remap
Phase 1 Remap | Checksum: 14eaa95fe

Time (s): cpu = 00:00:03 ; elapsed = 00:00:02 . Memory (MB): peak = 1730.852 ; gain = 0.000
INFO: [Opt 31-389] Phase Remap created 8 cells and removed 24 cells
Ending Logic Optimization Task | Checksum: 14eaa95fe

Time (s): cpu = 00:00:03 ; elapsed = 00:00:03 . Memory (MB): peak = 1730.852 ; gain = 0.000
INFO: [Common 17-83] Releasing license: Implementation
55 Infos, 0 Warnings, 0 Critical Warnings and 0 Errors encountered.
opt_design completed successfully
opt_design: Time (s): cpu = 00:00:32 ; elapsed = 00:00:23 . Memory (MB): peak = 1730.852 ; gain = 289.398
Writing placer database...
Writing XDEF routing.
Writing XDEF routing logical nets.
Writing XDEF routing special nets.
Write XDEF Complete: Time (s): cpu = 00:00:00 ; elapsed = 00:00:00.152 . Memory (MB): peak = 1730.852 ; gain = 0.000
INFO: [Common 17-1381] The checkpoint 'C:/Users/wdj/source/vivado_work/helloworld/helloworld.runs/impl_1/helloworldip_wrapper_opt.dcp' has been generated.
write_checkpoint: Time (s): cpu = 00:00:08 ; elapsed = 00:00:05 . Memory (MB): peak = 1730.852 ; gain = 0.000
INFO: [runtcl-4] Executing : report_drc -file helloworldip_wrapper_drc_opted.rpt -pb helloworldip_wrapper_drc_opted.pb -rpx helloworldip_wrapper_drc_opted.rpx
Command: report_drc -file helloworldip_wrapper_drc_opted.rpt -pb helloworldip_wrapper_drc_opted.pb -rpx helloworldip_wrapper_drc_opted.rpx
INFO: [IP_Flow 19-1839] IP Catalog is up to date.
INFO: [DRC 23-27] Running DRC with 2 threads
INFO: [Coretcl 2-168] The results of DRC are in file C:/Users/wdj/source/vivado_work/helloworld/helloworld.runs/impl_1/helloworldip_wrapper_drc_opted.rpt.
report_drc completed successfully
INFO: [Chipscope 16-241] No debug cores found in the current design.
Before running the implement_debug_core command, either use the Set Up Debug wizard (GUI mode)
or use the create_debug_core and connect_debug_core Tcl commands to insert debug cores into the design.
Command: place_design
Attempting to get a license for feature 'Implementation' and/or device 'xc7a100t'
INFO: [Common 17-349] Got license for feature 'Implementation' and/or device 'xc7a100t'
INFO: [DRC 23-27] Running DRC with 2 threads
INFO: [Vivado_Tcl 4-198] DRC finished with 0 Errors
INFO: [Vivado_Tcl 4-199] Please refer to the DRC report (report_drc) for more information.
Running DRC as a precondition to command place_design
INFO: [DRC 23-27] Running DRC with 2 threads
INFO: [Vivado_Tcl 4-198] DRC finished with 0 Errors
INFO: [Vivado_Tcl 4-199] Please refer to the DRC report (report_drc) for more information.

Starting Placer Task
INFO: [Place 30-611] Multithreading enabled for place_design using a maximum of 2 CPUs

Phase 1 Placer Initialization

Phase 1.1 Placer Initialization Netlist Sorting
Netlist sorting complete. Time (s): cpu = 00:00:00 ; elapsed = 00:00:00.060 . Memory (MB): peak = 1730.852 ; gain = 0.000
Phase 1.1 Placer Initialization Netlist Sorting | Checksum: aa9a226b

Time (s): cpu = 00:00:00 ; elapsed = 00:00:00.110 . Memory (MB): peak = 1730.852 ; gain = 0.000
INFO: [Timing 38-35] Done setting XDC timing constraints.
INFO: [Opt 31-138] Pushed 0 inverter(s) to 0 load pin(s).
Netlist sorting complete. Time (s): cpu = 00:00:00 ; elapsed = 00:00:00.053 . Memory (MB): peak = 1730.852 ; gain = 0.000

Phase 1.2 IO Placement/ Clock Placement/ Build Placer Device
INFO: [Timing 38-35] Done setting XDC timing constraints.
Phase 1.2 IO Placement/ Clock Placement/ Build Placer Device | Checksum: 127c22c40

Time (s): cpu = 00:00:09 ; elapsed = 00:00:09 . Memory (MB): peak = 1730.852 ; gain = 0.000

Phase 1.3 Build Placer Netlist Model
Phase 1.3 Build Placer Netlist Model | Checksum: 1ec6d0a41

Time (s): cpu = 00:00:16 ; elapsed = 00:00:13 . Memory (MB): peak = 1730.852 ; gain = 0.000

Phase 1.4 Constrain Clocks/Macros
Phase 1.4 Constrain Clocks/Macros | Checksum: 1ec6d0a41

Time (s): cpu = 00:00:16 ; elapsed = 00:00:13 . Memory (MB): peak = 1730.852 ; gain = 0.000
Phase 1 Placer Initialization | Checksum: 1ec6d0a41

Time (s): cpu = 00:00:16 ; elapsed = 00:00:14 . Memory (MB): peak = 1730.852 ; gain = 0.000

Phase 2 Global Placement
Phase 2 Global Placement | Checksum: 224841767

Time (s): cpu = 00:00:39 ; elapsed = 00:00:26 . Memory (MB): peak = 1730.852 ; gain = 0.000

Phase 3 Detail Placement

Phase 3.1 Commit Multi Column Macros
Phase 3.1 Commit Multi Column Macros | Checksum: 224841767

Time (s): cpu = 00:00:39 ; elapsed = 00:00:26 . Memory (MB): peak = 1730.852 ; gain = 0.000

Phase 3.2 Commit Most Macros & LUTRAMs
Phase 3.2 Commit Most Macros & LUTRAMs | Checksum: 1c1f28bc3

Time (s): cpu = 00:00:43 ; elapsed = 00:00:29 . Memory (MB): peak = 1730.852 ; gain = 0.000

Phase 3.3 Area Swap Optimization
Phase 3.3 Area Swap Optimization | Checksum: 251a4aca3

Time (s): cpu = 00:00:43 ; elapsed = 00:00:29 . Memory (MB): peak = 1730.852 ; gain = 0.000

Phase 3.4 Pipeline Register Optimization
Phase 3.4 Pipeline Register Optimization | Checksum: 2235d5cbd

Time (s): cpu = 00:00:43 ; elapsed = 00:00:29 . Memory (MB): peak = 1730.852 ; gain = 0.000

Phase 3.5 Timing Path Optimizer
Phase 3.5 Timing Path Optimizer | Checksum: 2235d5cbd

Time (s): cpu = 00:00:43 ; elapsed = 00:00:29 . Memory (MB): peak = 1730.852 ; gain = 0.000

Phase 3.6 Fast Optimization
Phase 3.6 Fast Optimization | Checksum: 2235d5cbd

Time (s): cpu = 00:00:43 ; elapsed = 00:00:29 . Memory (MB): peak = 1730.852 ; gain = 0.000

Phase 3.7 Small Shape Detail Placement
Phase 3.7 Small Shape Detail Placement | Checksum: 1ae25aa4c

Time (s): cpu = 00:00:49 ; elapsed = 00:00:35 . Memory (MB): peak = 1730.852 ; gain = 0.000

Phase 3.8 Re-assign LUT pins
Phase 3.8 Re-assign LUT pins | Checksum: 23a3fb6a8

Time (s): cpu = 00:00:50 ; elapsed = 00:00:35 . Memory (MB): peak = 1730.852 ; gain = 0.000

Phase 3.9 Pipeline Register Optimization
Phase 3.9 Pipeline Register Optimization | Checksum: 12c3ab31f

Time (s): cpu = 00:00:50 ; elapsed = 00:00:36 . Memory (MB): peak = 1730.852 ; gain = 0.000

Phase 3.10 Fast Optimization
Phase 3.10 Fast Optimization | Checksum: 12c3ab31f

Time (s): cpu = 00:00:52 ; elapsed = 00:00:37 . Memory (MB): peak = 1730.852 ; gain = 0.000
Phase 3 Detail Placement | Checksum: 12c3ab31f

Time (s): cpu = 00:00:52 ; elapsed = 00:00:37 . Memory (MB): peak = 1730.852 ; gain = 0.000

Phase 4 Post Placement Optimization and Clean-Up

Phase 4.1 Post Commit Optimization
INFO: [Timing 38-35] Done setting XDC timing constraints.

Phase 4.1.1 Post Placement Optimization
Post Placement Optimization Initialization | Checksum: 14f462c9e

Phase 4.1.1.1 BUFG Insertion
INFO: [Physopt 32-721] Multithreading enabled for phys_opt_design using a maximum of 2 CPUs
INFO: [Place 46-31] BUFG insertion identified 0 candidate nets, 0 success, 0 skipped for placement/routing, 0 skipped for timing, 0 skipped for netlist change reason.
Phase 4.1.1.1 BUFG Insertion | Checksum: 14f462c9e

Time (s): cpu = 00:00:58 ; elapsed = 00:00:41 . Memory (MB): peak = 1730.852 ; gain = 0.000
INFO: [Place 30-746] Post Placement Timing Summary WNS=1.311. For the most accurate timing information please run report_timing.
Phase 4.1.1 Post Placement Optimization | Checksum: 87382b8b

Time (s): cpu = 00:00:58 ; elapsed = 00:00:41 . Memory (MB): peak = 1730.852 ; gain = 0.000
Phase 4.1 Post Commit Optimization | Checksum: 87382b8b

Time (s): cpu = 00:00:58 ; elapsed = 00:00:41 . Memory (MB): peak = 1730.852 ; gain = 0.000

Phase 4.2 Post Placement Cleanup
Phase 4.2 Post Placement Cleanup | Checksum: 87382b8b

Time (s): cpu = 00:00:58 ; elapsed = 00:00:42 . Memory (MB): peak = 1730.852 ; gain = 0.000

Phase 4.3 Placer Reporting
Phase 4.3 Placer Reporting | Checksum: 87382b8b

Time (s): cpu = 00:00:58 ; elapsed = 00:00:42 . Memory (MB): peak = 1730.852 ; gain = 0.000

Phase 4.4 Final Placement Cleanup
Phase 4.4 Final Placement Cleanup | Checksum: c46e7b66

Time (s): cpu = 00:00:59 ; elapsed = 00:00:42 . Memory (MB): peak = 1730.852 ; gain = 0.000
Phase 4 Post Placement Optimization and Clean-Up | Checksum: c46e7b66

Time (s): cpu = 00:00:59 ; elapsed = 00:00:42 . Memory (MB): peak = 1730.852 ; gain = 0.000
Ending Placer Task | Checksum: 905e028c

Time (s): cpu = 00:00:59 ; elapsed = 00:00:42 . Memory (MB): peak = 1730.852 ; gain = 0.000
INFO: [Common 17-83] Releasing license: Implementation
77 Infos, 0 Warnings, 0 Critical Warnings and 0 Errors encountered.
place_design completed successfully
place_design: Time (s): cpu = 00:01:04 ; elapsed = 00:00:45 . Memory (MB): peak = 1730.852 ; gain = 0.000
Writing placer database...
Writing XDEF routing.
Writing XDEF routing logical nets.
Writing XDEF routing special nets.
Write XDEF Complete: Time (s): cpu = 00:00:06 ; elapsed = 00:00:02 . Memory (MB): peak = 1730.852 ; gain = 0.000
INFO: [Common 17-1381] The checkpoint 'C:/Users/wdj/source/vivado_work/helloworld/helloworld.runs/impl_1/helloworldip_wrapper_placed.dcp' has been generated.
write_checkpoint: Time (s): cpu = 00:00:10 ; elapsed = 00:00:06 . Memory (MB): peak = 1730.852 ; gain = 0.000
INFO: [runtcl-4] Executing : report_io -file helloworldip_wrapper_io_placed.rpt
report_io: Time (s): cpu = 00:00:00 ; elapsed = 00:00:00.137 . Memory (MB): peak = 1730.852 ; gain = 0.000
INFO: [runtcl-4] Executing : report_utilization -file helloworldip_wrapper_utilization_placed.rpt -pb helloworldip_wrapper_utilization_placed.pb
report_utilization: Time (s): cpu = 00:00:01 ; elapsed = 00:00:00.235 . Memory (MB): peak = 1730.852 ; gain = 0.000
INFO: [runtcl-4] Executing : report_control_sets -verbose -file helloworldip_wrapper_control_sets_placed.rpt
report_control_sets: Time (s): cpu = 00:00:00 ; elapsed = 00:00:00.071 . Memory (MB): peak = 1730.852 ; gain = 0.000
Command: route_design
Attempting to get a license for feature 'Implementation' and/or device 'xc7a100t'
INFO: [Common 17-349] Got license for feature 'Implementation' and/or device 'xc7a100t'
Running DRC as a precondition to command route_design
INFO: [DRC 23-27] Running DRC with 2 threads
INFO: [Vivado_Tcl 4-198] DRC finished with 0 Errors
INFO: [Vivado_Tcl 4-199] Please refer to the DRC report (report_drc) for more information.


Starting Routing Task
INFO: [Route 35-254] Multithreading enabled for route_design using a maximum of 2 CPUs
Checksum: PlaceDB: 165a870e ConstDB: 0 ShapeSum: 7a037b7e RouteDB: 0

Phase 1 Build RT Design
Phase 1 Build RT Design | Checksum: 58526a9f

Time (s): cpu = 00:00:46 ; elapsed = 00:00:39 . Memory (MB): peak = 1730.852 ; gain = 0.000
Post Restoration Checksum: NetGraph: 55ad28da NumContArr: 2a541c5 Constraints: 0 Timing: 0

Phase 2 Router Initialization

Phase 2.1 Create Timer
Phase 2.1 Create Timer | Checksum: 58526a9f

Time (s): cpu = 00:00:47 ; elapsed = 00:00:40 . Memory (MB): peak = 1730.852 ; gain = 0.000

Phase 2.2 Fix Topology Constraints
Phase 2.2 Fix Topology Constraints | Checksum: 58526a9f

Time (s): cpu = 00:00:47 ; elapsed = 00:00:40 . Memory (MB): peak = 1730.852 ; gain = 0.000

Phase 2.3 Pre Route Cleanup
Phase 2.3 Pre Route Cleanup | Checksum: 58526a9f

Time (s): cpu = 00:00:47 ; elapsed = 00:00:40 . Memory (MB): peak = 1730.852 ; gain = 0.000
 Number of Nodes with overlaps = 0

Phase 2.4 Update Timing
Phase 2.4 Update Timing | Checksum: 1fc2dc543

Time (s): cpu = 00:00:55 ; elapsed = 00:00:45 . Memory (MB): peak = 1730.852 ; gain = 0.000
INFO: [Route 35-416] Intermediate Timing Summary | WNS=1.308  | TNS=0.000  | WHS=-0.303 | THS=-290.868|


Phase 2.5 Update Timing for Bus Skew

Phase 2.5.1 Update Timing
Phase 2.5.1 Update Timing | Checksum: 2368f6a59

Time (s): cpu = 00:01:00 ; elapsed = 00:00:48 . Memory (MB): peak = 1730.852 ; gain = 0.000
INFO: [Route 35-416] Intermediate Timing Summary | WNS=1.308  | TNS=0.000  | WHS=N/A    | THS=N/A    |

Phase 2.5 Update Timing for Bus Skew | Checksum: 21a99f86e

Time (s): cpu = 00:01:00 ; elapsed = 00:00:49 . Memory (MB): peak = 1730.852 ; gain = 0.000
Phase 2 Router Initialization | Checksum: 153580fcc

Time (s): cpu = 00:01:00 ; elapsed = 00:00:49 . Memory (MB): peak = 1730.852 ; gain = 0.000

Phase 3 Initial Routing
Phase 3 Initial Routing | Checksum: 19460d16b

Time (s): cpu = 00:01:06 ; elapsed = 00:00:51 . Memory (MB): peak = 1730.852 ; gain = 0.000

Phase 4 Rip-up And Reroute

Phase 4.1 Global Iteration 0
 Number of Nodes with overlaps = 1152
 Number of Nodes with overlaps = 68
 Number of Nodes with overlaps = 4
 Number of Nodes with overlaps = 0
INFO: [Route 35-416] Intermediate Timing Summary | WNS=1.308  | TNS=0.000  | WHS=N/A    | THS=N/A    |

Phase 4.1 Global Iteration 0 | Checksum: 15b71f5e6

Time (s): cpu = 00:01:17 ; elapsed = 00:00:58 . Memory (MB): peak = 1730.852 ; gain = 0.000

Phase 4.2 Global Iteration 1
 Number of Nodes with overlaps = 1
 Number of Nodes with overlaps = 0
INFO: [Route 35-416] Intermediate Timing Summary | WNS=1.308  | TNS=0.000  | WHS=N/A    | THS=N/A    |

Phase 4.2 Global Iteration 1 | Checksum: c8958412

Time (s): cpu = 00:01:18 ; elapsed = 00:00:58 . Memory (MB): peak = 1730.852 ; gain = 0.000
Phase 4 Rip-up And Reroute | Checksum: c8958412

Time (s): cpu = 00:01:18 ; elapsed = 00:00:58 . Memory (MB): peak = 1730.852 ; gain = 0.000

Phase 5 Delay and Skew Optimization

Phase 5.1 Delay CleanUp

Phase 5.1.1 Update Timing
Phase 5.1.1 Update Timing | Checksum: 7f936238

Time (s): cpu = 00:01:19 ; elapsed = 00:00:59 . Memory (MB): peak = 1730.852 ; gain = 0.000
INFO: [Route 35-416] Intermediate Timing Summary | WNS=1.308  | TNS=0.000  | WHS=N/A    | THS=N/A    |

Phase 5.1 Delay CleanUp | Checksum: f0ab6380

Time (s): cpu = 00:01:19 ; elapsed = 00:00:59 . Memory (MB): peak = 1730.852 ; gain = 0.000

Phase 5.2 Clock Skew Optimization
Phase 5.2 Clock Skew Optimization | Checksum: f0ab6380

Time (s): cpu = 00:01:19 ; elapsed = 00:00:59 . Memory (MB): peak = 1730.852 ; gain = 0.000
Phase 5 Delay and Skew Optimization | Checksum: f0ab6380

Time (s): cpu = 00:01:19 ; elapsed = 00:00:59 . Memory (MB): peak = 1730.852 ; gain = 0.000

Phase 6 Post Hold Fix

Phase 6.1 Hold Fix Iter

Phase 6.1.1 Update Timing
Phase 6.1.1 Update Timing | Checksum: 1014340f4

Time (s): cpu = 00:01:21 ; elapsed = 00:01:00 . Memory (MB): peak = 1730.852 ; gain = 0.000
INFO: [Route 35-416] Intermediate Timing Summary | WNS=1.308  | TNS=0.000  | WHS=0.035  | THS=0.000  |

Phase 6.1 Hold Fix Iter | Checksum: a2e8bb43

Time (s): cpu = 00:01:21 ; elapsed = 00:01:00 . Memory (MB): peak = 1730.852 ; gain = 0.000
Phase 6 Post Hold Fix | Checksum: a2e8bb43

Time (s): cpu = 00:01:21 ; elapsed = 00:01:00 . Memory (MB): peak = 1730.852 ; gain = 0.000

Phase 7 Route finalize

Router Utilization Summary
  Global Vertical Routing Utilization    = 1.90473 %
  Global Horizontal Routing Utilization  = 2.70261 %
  Routable Net Status*
  *Does not include unroutable nets such as driverless and loadless.
  Run report_route_status for detailed report.
  Number of Failed Nets               = 0
  Number of Unrouted Nets             = 0
  Number of Partially Routed Nets     = 0
  Number of Node Overlaps             = 0

Phase 7 Route finalize | Checksum: df7ef006

Time (s): cpu = 00:01:21 ; elapsed = 00:01:00 . Memory (MB): peak = 1730.852 ; gain = 0.000

Phase 8 Verifying routed nets

 Verification completed successfully
Phase 8 Verifying routed nets | Checksum: df7ef006

Time (s): cpu = 00:01:21 ; elapsed = 00:01:00 . Memory (MB): peak = 1730.852 ; gain = 0.000

Phase 9 Depositing Routes
Phase 9 Depositing Routes | Checksum: 14cd86561

Time (s): cpu = 00:01:22 ; elapsed = 00:01:02 . Memory (MB): peak = 1730.852 ; gain = 0.000

Phase 10 Post Router Timing
INFO: [Route 35-57] Estimated Timing Summary | WNS=1.308  | TNS=0.000  | WHS=0.035  | THS=0.000  |

INFO: [Route 35-327] The final timing numbers are based on the router estimated timing analysis. For a complete and accurate timing signoff, please run report_timing_summary.
Phase 10 Post Router Timing | Checksum: 14cd86561

Time (s): cpu = 00:01:23 ; elapsed = 00:01:02 . Memory (MB): peak = 1730.852 ; gain = 0.000
INFO: [Route 35-16] Router Completed Successfully

Time (s): cpu = 00:01:23 ; elapsed = 00:01:02 . Memory (MB): peak = 1730.852 ; gain = 0.000

Routing Is Done.
INFO: [Common 17-83] Releasing license: Implementation
96 Infos, 0 Warnings, 0 Critical Warnings and 0 Errors encountered.
route_design completed successfully
route_design: Time (s): cpu = 00:01:29 ; elapsed = 00:01:05 . Memory (MB): peak = 1730.852 ; gain = 0.000
Writing placer database...
Writing XDEF routing.
Writing XDEF routing logical nets.
Writing XDEF routing special nets.
Write XDEF Complete: Time (s): cpu = 00:00:07 ; elapsed = 00:00:03 . Memory (MB): peak = 1730.852 ; gain = 0.000
INFO: [Common 17-1381] The checkpoint 'C:/Users/wdj/source/vivado_work/helloworld/helloworld.runs/impl_1/helloworldip_wrapper_routed.dcp' has been generated.
write_checkpoint: Time (s): cpu = 00:00:11 ; elapsed = 00:00:06 . Memory (MB): peak = 1730.852 ; gain = 0.000
INFO: [runtcl-4] Executing : report_drc -file helloworldip_wrapper_drc_routed.rpt -pb helloworldip_wrapper_drc_routed.pb -rpx helloworldip_wrapper_drc_routed.rpx
Command: report_drc -file helloworldip_wrapper_drc_routed.rpt -pb helloworldip_wrapper_drc_routed.pb -rpx helloworldip_wrapper_drc_routed.rpx
INFO: [IP_Flow 19-1839] IP Catalog is up to date.
INFO: [DRC 23-27] Running DRC with 2 threads
INFO: [Coretcl 2-168] The results of DRC are in file C:/Users/wdj/source/vivado_work/helloworld/helloworld.runs/impl_1/helloworldip_wrapper_drc_routed.rpt.
report_drc completed successfully
report_drc: Time (s): cpu = 00:00:10 ; elapsed = 00:00:06 . Memory (MB): peak = 1730.852 ; gain = 0.000
INFO: [runtcl-4] Executing : report_methodology -file helloworldip_wrapper_methodology_drc_routed.rpt -pb helloworldip_wrapper_methodology_drc_routed.pb -rpx helloworldip_wrapper_methodology_drc_routed.rpx
Command: report_methodology -file helloworldip_wrapper_methodology_drc_routed.rpt -pb helloworldip_wrapper_methodology_drc_routed.pb -rpx helloworldip_wrapper_methodology_drc_routed.rpx
INFO: [Timing 38-35] Done setting XDC timing constraints.
INFO: [Timing 38-35] Done setting XDC timing constraints.
INFO: [DRC 23-133] Running Methodology with 2 threads
INFO: [Coretcl 2-1520] The results of Report Methodology are in file C:/Users/wdj/source/vivado_work/helloworld/helloworld.runs/impl_1/helloworldip_wrapper_methodology_drc_routed.rpt.
report_methodology completed successfully
report_methodology: Time (s): cpu = 00:00:17 ; elapsed = 00:00:10 . Memory (MB): peak = 1730.852 ; gain = 0.000
INFO: [runtcl-4] Executing : report_power -file helloworldip_wrapper_power_routed.rpt -pb helloworldip_wrapper_power_summary_routed.pb -rpx helloworldip_wrapper_power_routed.rpx
Command: report_power -file helloworldip_wrapper_power_routed.rpt -pb helloworldip_wrapper_power_summary_routed.pb -rpx helloworldip_wrapper_power_routed.rpx
INFO: [Timing 38-35] Done setting XDC timing constraints.
Running Vector-less Activity Propagation...

Finished Running Vector-less Activity Propagation
WARNING: [Power 33-332] Found switching activity that implies high-fanout reset nets being asserted for excessive periods of time which may result in inaccurate power analysis.
Resolution: To review and fix problems, please run Power Constraints Advisor in the GUI from Tools > Power Constraints Advisor or run report_power with the -advisory option to generate a text report.
108 Infos, 1 Warnings, 0 Critical Warnings and 0 Errors encountered.
report_power completed successfully
report_power: Time (s): cpu = 00:00:12 ; elapsed = 00:00:07 . Memory (MB): peak = 1774.379 ; gain = 43.527
INFO: [runtcl-4] Executing : report_route_status -file helloworldip_wrapper_route_status.rpt -pb helloworldip_wrapper_route_status.pb
INFO: [runtcl-4] Executing : report_timing_summary -max_paths 10 -file helloworldip_wrapper_timing_summary_routed.rpt -rpx helloworldip_wrapper_timing_summary_routed.rpx -warn_on_violation 
INFO: [Timing 38-91] UpdateTimingParams: Speed grade: -1, Delay Type: min_max.
INFO: [Timing 38-191] Multithreading enabled for timing update using a maximum of 2 CPUs
WARNING: [Timing 38-436] There are set_bus_skew constraint(s) in this design. Please run report_bus_skew to ensure that bus skew requirements are met.
INFO: [runtcl-4] Executing : report_incremental_reuse -file helloworldip_wrapper_incremental_reuse_routed.rpt
INFO: [Vivado_Tcl 4-545] No incremental reuse to report, no incremental placement and routing data was found.
INFO: [runtcl-4] Executing : report_clock_utilization -file helloworldip_wrapper_clock_utilization_routed.rpt
Command: write_bitstream -force helloworldip_wrapper.bit
Attempting to get a license for feature 'Implementation' and/or device 'xc7a100t'
INFO: [Common 17-349] Got license for feature 'Implementation' and/or device 'xc7a100t'
Running DRC as a precondition to command write_bitstream
INFO: [IP_Flow 19-1839] IP Catalog is up to date.
INFO: [DRC 23-27] Running DRC with 2 threads
WARNING: [DRC CFGBVS-1] Missing CFGBVS and CONFIG_VOLTAGE Design Properties: Neither the CFGBVS nor CONFIG_VOLTAGE voltage property is set in the current_design.  Configuration bank voltage select (CFGBVS) must be set to VCCO or GND, and CONFIG_VOLTAGE must be set to the correct configuration voltage, in order to determine the I/O voltage support for the pins in bank 0.  It is suggested to specify these either using the 'Edit Device Properties' function in the GUI or directly in the XDC file using the following syntax:

 set_property CFGBVS value1 [current_design]
 #where value1 is either VCCO or GND

 set_property CONFIG_VOLTAGE value2 [current_design]
 #where value2 is the voltage provided to configuration bank 0

Refer to the device configuration user guide for more information.
WARNING: [DRC REQP-1709] Clock output buffering: PLLE2_ADV connectivity violation. The signal helloworldip_i/mig_7series_0/u_helloworldip_mig_7series_0_0_mig/u_ddr2_infrastructure/pll_clk3_out on the helloworldip_i/mig_7series_0/u_helloworldip_mig_7series_0_0_mig/u_ddr2_infrastructure/plle2_i/CLKOUT3 pin of helloworldip_i/mig_7series_0/u_helloworldip_mig_7series_0_0_mig/u_ddr2_infrastructure/plle2_i does not drive the same kind of BUFFER load as the other CLKOUT pins. Routing from the different buffer types will not be phase aligned.
INFO: [Vivado 12-3199] DRC finished with 0 Errors, 2 Warnings
INFO: [Vivado 12-3200] Please refer to the DRC report (report_drc) for more information.
INFO: [Project 1-821] Please set project.enableDesignId to be 'true'.
INFO: [Designutils 20-2272] Running write_bitstream with 2 threads.
Loading data files...
Loading site data...
Loading route data...
Processing options...
Creating bitmap...
Creating bitstream...
Writing bitstream ./helloworldip_wrapper.bit...
INFO: [Vivado 12-1842] Bitgen Completed Successfully.
INFO: [Project 1-118] WebTalk data collection is enabled (User setting is ON. Install Setting is ON.).
INFO: [Common 17-186] 'C:/Users/wdj/source/vivado_work/helloworld/helloworld.runs/impl_1/usage_statistics_webtalk.xml' has been successfully sent to Xilinx on Mon Jun 25 14:52:28 2018. For additional details about this file, please refer to the WebTalk help file at C:/Xilinx/Vivado/2017.4/doc/webtalk_introduction.html.
INFO: [Common 17-83] Releasing license: Implementation
126 Infos, 4 Warnings, 0 Critical Warnings and 0 Errors encountered.
write_bitstream completed successfully
write_bitstream: Time (s): cpu = 00:00:37 ; elapsed = 00:00:35 . Memory (MB): peak = 2219.047 ; gain = 441.660
INFO: [Common 17-206] Exiting Vivado at Mon Jun 25 14:52:28 2018...
