Copyright 1986-2017 Xilinx, Inc. All Rights Reserved.
----------------------------------------------------------------------------------------------------------------------------------------------------
| Tool Version     : Vivado v.2017.4 (win64) Build 2086221 Fri Dec 15 20:55:39 MST 2017
| Date             : Thu Jun 28 19:08:53 2018
| Host             : DESKTOP-T1B8B30 running 64-bit major release  (build 9200)
| Command          : report_power -file miniCarTop_power_routed.rpt -pb miniCarTop_power_summary_routed.pb -rpx miniCarTop_power_routed.rpx
| Design           : miniCarTop
| Device           : xc7a100tcsg324-1
| Design State     : routed
| Grade            : commercial
| Process          : typical
| Characterization : Production
----------------------------------------------------------------------------------------------------------------------------------------------------

Power Report

Table of Contents
-----------------
1. Summary
1.1 On-Chip Components
1.2 Power Supply Summary
1.3 Confidence Level
2. Settings
2.1 Environment
2.2 Clock Constraints
3. Detailed Reports
3.1 By Hierarchy

1. Summary
----------

+--------------------------+----------------------------------+
| Total On-Chip Power (W)  | 13.250 (Junction temp exceeded!) |
| Design Power Budget (W)  | Unspecified*                     |
| Power Budget Margin (W)  | NA                               |
| Dynamic (W)              | 12.975                           |
| Device Static (W)        | 0.275                            |
| Effective TJA (C/W)      | 4.6                              |
| Max Ambient (C)          | 24.5                             |
| Junction Temperature (C) | 85.5                             |
| Confidence Level         | Low                              |
| Setting File             | ---                              |
| Simulation Activity File | ---                              |
| Design Nets Matched      | NA                               |
+--------------------------+----------------------------------+
* Specify Design Power Budget using, set_operating_conditions -design_power_budget <value in Watts>


1.1 On-Chip Components
----------------------

+----------------+-----------+----------+-----------+-----------------+
| On-Chip        | Power (W) | Used     | Available | Utilization (%) |
+----------------+-----------+----------+-----------+-----------------+
| Slice Logic    |     1.959 |     1554 |       --- |             --- |
|   LUT as Logic |     1.595 |      618 |     63400 |            0.97 |
|   CARRY4       |     0.191 |       74 |     15850 |            0.47 |
|   Register     |     0.131 |      671 |    126800 |            0.53 |
|   BUFG         |     0.033 |        9 |        32 |           28.13 |
|   F7/F8 Muxes  |     0.009 |       44 |     63400 |            0.07 |
|   Others       |     0.000 |       40 |       --- |             --- |
| Signals        |     1.883 |     1146 |       --- |             --- |
| I/O            |     9.134 |       47 |       210 |           22.38 |
| Static Power   |     0.275 |          |           |                 |
| Total          |    13.250 |          |           |                 |
+----------------+-----------+----------+-----------+-----------------+


1.2 Power Supply Summary
------------------------

+-----------+-------------+-----------+-------------+------------+
| Source    | Voltage (V) | Total (A) | Dynamic (A) | Static (A) |
+-----------+-------------+-----------+-------------+------------+
| Vccint    |       1.000 |     4.042 |       3.886 |      0.156 |
| Vccaux    |       1.800 |     0.369 |       0.333 |      0.036 |
| Vcco33    |       3.300 |     2.577 |       2.573 |      0.004 |
| Vcco25    |       2.500 |     0.000 |       0.000 |      0.000 |
| Vcco18    |       1.800 |     0.000 |       0.000 |      0.000 |
| Vcco15    |       1.500 |     0.000 |       0.000 |      0.000 |
| Vcco135   |       1.350 |     0.000 |       0.000 |      0.000 |
| Vcco12    |       1.200 |     0.000 |       0.000 |      0.000 |
| Vccaux_io |       1.800 |     0.000 |       0.000 |      0.000 |
| Vccbram   |       1.000 |     0.004 |       0.000 |      0.004 |
| MGTAVcc   |       1.000 |     0.000 |       0.000 |      0.000 |
| MGTAVtt   |       1.200 |     0.000 |       0.000 |      0.000 |
| Vccadc    |       1.800 |     0.020 |       0.000 |      0.020 |
+-----------+-------------+-----------+-------------+------------+


1.3 Confidence Level
--------------------

+-----------------------------+------------+--------------------------------------------------------+--------------------------------------------------------------------------------------------------------------------+
| User Input Data             | Confidence | Details                                                | Action                                                                                                             |
+-----------------------------+------------+--------------------------------------------------------+--------------------------------------------------------------------------------------------------------------------+
| Design implementation state | High       | Design is routed                                       |                                                                                                                    |
| Clock nodes activity        | Low        | User specified less than 75% of clocks                 | Provide missing clock activity with a constraint file, simulation results or by editing the "By Clock Domain" view |
| I/O nodes activity          | Low        | More than 75% of inputs are missing user specification | Provide missing input activity with simulation results or by editing the "By Resource Type -> I/Os" view           |
| Internal nodes activity     | Medium     | User specified less than 25% of internal nodes         | Provide missing internal nodes activity with simulation results or by editing the "By Resource Type" views         |
| Device models               | High       | Device models are Production                           |                                                                                                                    |
|                             |            |                                                        |                                                                                                                    |
| Overall confidence level    | Low        |                                                        |                                                                                                                    |
+-----------------------------+------------+--------------------------------------------------------+--------------------------------------------------------------------------------------------------------------------+


2. Settings
-----------

2.1 Environment
---------------

+-----------------------+--------------------------+
| Ambient Temp (C)      | 25.0                     |
| ThetaJA (C/W)         | 4.6                      |
| Airflow (LFM)         | 250                      |
| Heat Sink             | medium (Medium Profile)  |
| ThetaSA (C/W)         | 4.6                      |
| Board Selection       | medium (10"x10")         |
| # of Board Layers     | 12to15 (12 to 15 Layers) |
| Board Temperature (C) | 25.0                     |
+-----------------------+--------------------------+


2.2 Clock Constraints
---------------------

+-------+--------+-----------------+
| Clock | Domain | Constraint (ns) |
+-------+--------+-----------------+


3. Detailed Reports
-------------------

3.1 By Hierarchy
----------------

+-------------------------+-----------+
| Name                    | Power (W) |
+-------------------------+-----------+
| miniCarTop              |    12.975 |
|   DHT11_data_IOBUF_inst |     0.000 |
|   U0                    |     0.295 |
|     D1                  |     0.052 |
|     D2                  |     0.120 |
|     D3                  |     0.124 |
|   U1                    |     0.222 |
|     U1                  |     0.210 |
|     U2                  |     0.009 |
|   U2                    |     0.011 |
|   U3                    |     1.408 |
|     U1                  |     0.217 |
|     U2                  |     0.188 |
|     U3                  |     0.251 |
|     U8                  |     0.127 |
|     U9                  |     0.328 |
|   U4                    |    <0.001 |
|   U5                    |     0.228 |
|     U1                  |     0.116 |
|     U2                  |     0.111 |
|   U6                    |     0.722 |
|     U1                  |     0.178 |
|     U2                  |     0.544 |
|   U7                    |     0.615 |
|     U1                  |     0.307 |
|     U2                  |     0.309 |
|   U8                    |     0.160 |
+-------------------------+-----------+


